  lex.yy.c
scanner.l(37,17): error C2065: 'TNOTEQUAL': 선언되지 않은 식별자입니다.
lex.yy.c(1054,1): warning C4267: '=': 'size_t'에서 'int'(으)로 변환하면서 데이터가 손실될 수 있습니다.
lex.yy.c(1402,41): warning C4996: 'fileno': The POSIX name for this item is deprecated. Instead, use the ISO C and C++ conformant name: _fileno. See online help for details.
  main.c
C:\Users\Lenovo\source\repos\Complier_Lex2\glob.h(27,72): warning C4091: 'extern ': 변수를 선언하지 않으면 'errorTypes' 왼쪽은 무시됩니다.
C:\Users\Lenovo\source\repos\Complier_Lex2\main.c(19,54): error C2059: 구문 오류: ','
C:\Users\Lenovo\source\repos\Complier_Lex2\main.c(23,10): warning C4477: 'printf' : 서식 문자열 '%-20d'에 'int' 형식의 인수가 필요하지만 variadic 인수 3의 형식이 'char *'입니다.
C:\Users\Lenovo\source\repos\Complier_Lex2\main.c(23,10): warning C4313: 'printf': 서식 문자열의 '%d'이(가) char *' 형식의 인수 3과(와) 충돌합니다.
  reporterror.c
C:\Users\Lenovo\source\repos\Complier_Lex2\glob.h(27,72): warning C4091: 'extern ': 변수를 선언하지 않으면 'errorTypes' 왼쪽은 무시됩니다.
  symtable.c
C:\Users\Lenovo\source\repos\Complier_Lex2\glob.h(27,72): warning C4091: 'extern ': 변수를 선언하지 않으면 'errorTypes' 왼쪽은 무시됩니다.
C:\Users\Lenovo\source\repos\Complier_Lex2\symtable.c(154,16): error C2065: 'input': 선언되지 않은 식별자입니다.
C:\Users\Lenovo\source\repos\Complier_Lex2\symtable.c(154,27): warning C4013: 'isSeperator'이(가) 정의되지 않았습니다. extern은 int형을 반환하는 것으로 간주합니다.
C:\Users\Lenovo\source\repos\Complier_Lex2\symtable.c(154,44): error C2065: 'input': 선언되지 않은 식별자입니다.
C:\Users\Lenovo\source\repos\Complier_Lex2\symtable.c(157,5): warning C4013: 'PrintError'이(가) 정의되지 않았습니다. extern은 int형을 반환하는 것으로 간주합니다.
C:\Users\Lenovo\source\repos\Complier_Lex2\symtable.c(159,26): error C2065: 'input': 선언되지 않은 식별자입니다.
C:\Users\Lenovo\source\repos\Complier_Lex2\symtable.c(160,10): error C2065: 'input': 선언되지 않은 식별자입니다.
C:\Users\Lenovo\source\repos\Complier_Lex2\symtable.c(160,20): error C2065: 'fp': 선언되지 않은 식별자입니다.
C:\Users\Lenovo\source\repos\Complier_Lex2\symtable.c(160,20): warning C4047: '함수': 'FILE *'의 간접 참조 수준이 'int'과(와) 다릅니다.
C:\Users\Lenovo\source\repos\Complier_Lex2\symtable.c(160,18): warning C4024: 'fgetc': 형식 및 실제 매개 변수 1의 형식이 서로 다릅니다.
  코드를 생성하고 있습니다...
